<?xml version="1.0" encoding="UTF-8"?>
<testng-results skipped="0" failed="0" total="1" passed="1">
  <reporter-output>
  </reporter-output>
  <suite name="Parallel Tests" duration-ms="22270" started-at="2017-02-06T09:34:58Z" finished-at="2017-02-06T09:35:20Z">
    <groups>
    </groups>
    <test name="Rest" duration-ms="22270" started-at="2017-02-06T09:34:58Z" finished-at="2017-02-06T09:35:20Z">
      <class name="test.GetAPI">
        <test-method status="PASS" signature="setup()[pri:0, instance:test.GetAPI@151335cb]" name="setup" is-config="true" duration-ms="16087" started-at="2017-02-06T15:04:58Z" finished-at="2017-02-06T15:05:14Z">
          <reporter-output>
          </reporter-output>
        </test-method> <!-- setup -->
        <test-method status="PASS" signature="validateapimethod(java.lang.String, java.lang.String, java.lang.String, java.lang.String)[pri:0, instance:test.GetAPI@151335cb]" name="validateapimethod" duration-ms="6082" started-at="2017-02-06T15:05:14Z" data-provider="testdata" finished-at="2017-02-06T15:05:20Z">
          <params>
            <param index="0">
              <value>
                <![CDATA[Get_generatetoken]]>
              </value>
            </param>
            <param index="1">
              <value>
                <![CDATA[User sends a get request]]>
              </value>
            </param>
            <param index="2">
              <value>
                <![CDATA[getRequest]]>
              </value>
            </param>
            <param index="3">
              <value>
                <![CDATA[Get#/rest/json/Accounts/#wfsemail#deepak@123#GenerateToken.json#401]]>
              </value>
            </param>
          </params>
          <reporter-output>
          </reporter-output>
        </test-method> <!-- validateapimethod -->
      </class> <!-- test.GetAPI -->
    </test> <!-- Rest -->
  </suite> <!-- Parallel Tests -->
</testng-results>
