<?xml version="1.0" encoding="UTF-8"?>
<testng-results skipped="0" failed="0" total="1" passed="1">
  <reporter-output>
  </reporter-output>
  <suite name="Default suite" duration-ms="6894" started-at="2017-02-06T09:09:33Z" finished-at="2017-02-06T09:09:39Z">
    <groups>
    </groups>
    <test name="Default test" duration-ms="6894" started-at="2017-02-06T09:09:33Z" finished-at="2017-02-06T09:09:39Z">
      <class name="GetAPI">
        <test-method status="PASS" signature="setup()[pri:0, instance:GetAPI@192b07fd]" name="setup" is-config="true" duration-ms="1795" started-at="2017-02-06T14:39:33Z" finished-at="2017-02-06T14:39:34Z">
          <reporter-output>
          </reporter-output>
        </test-method> <!-- setup -->
        <test-method status="PASS" signature="validateapimethod(java.lang.String, java.lang.String, java.lang.String, java.lang.String)[pri:0, instance:GetAPI@192b07fd]" name="validateapimethod" duration-ms="4998" started-at="2017-02-06T14:39:34Z" data-provider="testdata" finished-at="2017-02-06T14:39:39Z">
          <params>
            <param index="0">
              <value>
                <![CDATA[Get_generatetoken]]>
              </value>
            </param>
            <param index="1">
              <value>
                <![CDATA[User sends a get request]]>
              </value>
            </param>
            <param index="2">
              <value>
                <![CDATA[getRequest]]>
              </value>
            </param>
            <param index="3">
              <value>
                <![CDATA[Get#/rest/json/Accounts/#wfsemail#deepak@123#GenerateToken.json#401]]>
              </value>
            </param>
          </params>
          <reporter-output>
          </reporter-output>
        </test-method> <!-- validateapimethod -->
      </class> <!-- GetAPI -->
    </test> <!-- Default test -->
  </suite> <!-- Default suite -->
</testng-results>
